This is pdfTeX, Version 3.141592653-2.6-1.40.25 (MiKTeX 23.9) (preloaded format=pdflatex 2023.9.24)  26 MAY 2024 10:50
entering extended mode
 restricted \write18 enabled.
 %&-line parsing enabled.
**./main.tex
(main.tex
LaTeX2e <2023-06-01> patch level 1
L3 programming layer <2023-08-29>
(C:\Program Files\MiKTeX\tex/latex/base\article.cls
Document Class: article 2023/05/17 v1.4n Standard LaTeX document class
(C:\Program Files\MiKTeX\tex/latex/base\size12.clo
File: size12.clo 2023/05/17 v1.4n Standard LaTeX file (size option)
)
\c@part=\count185
\c@section=\count186
\c@subsection=\count187
\c@subsubsection=\count188
\c@paragraph=\count189
\c@subparagraph=\count190
\c@figure=\count191
\c@table=\count192
\abovecaptionskip=\skip48
\belowcaptionskip=\skip49
\bibindent=\dimen140
)
(C:\Program Files\MiKTeX\tex/latex/graphics\graphicx.sty
Package: graphicx 2021/09/16 v1.2d Enhanced LaTeX Graphics (DPC,SPQR)

(C:\Program Files\MiKTeX\tex/latex/graphics\keyval.sty
Package: keyval 2022/05/29 v1.15 key=value parser (DPC)
\KV@toks@=\toks17
)
(C:\Program Files\MiKTeX\tex/latex/graphics\graphics.sty
Package: graphics 2022/03/10 v1.4e Standard LaTeX Graphics (DPC,SPQR)

(C:\Program Files\MiKTeX\tex/latex/graphics\trig.sty
Package: trig 2021/08/11 v1.11 sin cos tan (DPC)
)
(C:\Program Files\MiKTeX\tex/latex/graphics-cfg\graphics.cfg
File: graphics.cfg 2016/06/04 v1.11 sample graphics configuration
)
Package graphics Info: Driver file: pdftex.def on input line 107.

(C:\Program Files\MiKTeX\tex/latex/graphics-def\pdftex.def
File: pdftex.def 2022/09/22 v1.2b Graphics/color driver for pdftex
))
\Gin@req@height=\dimen141
\Gin@req@width=\dimen142
)
(C:\Program Files\MiKTeX\tex/latex/base\fontenc.sty
Package: fontenc 2021/04/29 v2.0v Standard LaTeX package
)
(C:\Program Files\MiKTeX\tex/latex/vntex\vietnam.sty
Package: vietnam 2009/07/12 v1.3 support for Vietnamese

(C:\Program Files\MiKTeX\tex/latex/base\ifthen.sty
Package: ifthen 2022/04/13 v1.1d Standard LaTeX ifthen package (DPC)
)
(C:\Program Files\MiKTeX\tex/latex/base\fontenc.sty
Package: fontenc 2021/04/29 v2.0v Standard LaTeX package

(C:\Program Files\MiKTeX\tex/latex/vntex\t5enc.def
File: t5enc.def 2006/11/21 v1.4 Vietnamese T5 encoding
Now handling font encoding T5 ...
... processing UTF-8 mapping file for font encoding T5

(C:\Program Files\MiKTeX\tex/latex/vntex\t5enc.dfu
File: t5enc.dfu 2006/08/19 v1.1 UTF8 support for Vietnamese
   defining Unicode char U+00AB (decimal 171)
   defining Unicode char U+00BB (decimal 187)
   defining Unicode char U+00C0 (decimal 192)
   defining Unicode char U+00C1 (decimal 193)
   defining Unicode char U+00C2 (decimal 194)
   defining Unicode char U+00C3 (decimal 195)
   defining Unicode char U+00C8 (decimal 200)
   defining Unicode char U+00C9 (decimal 201)
   defining Unicode char U+00CA (decimal 202)
   defining Unicode char U+00CC (decimal 204)
   defining Unicode char U+00CD (decimal 205)
   defining Unicode char U+00D2 (decimal 210)
   defining Unicode char U+00D3 (decimal 211)
   defining Unicode char U+00D4 (decimal 212)
   defining Unicode char U+00D5 (decimal 213)
   defining Unicode char U+00D9 (decimal 217)
   defining Unicode char U+00DA (decimal 218)
   defining Unicode char U+00DD (decimal 221)
   defining Unicode char U+00E0 (decimal 224)
   defining Unicode char U+00E1 (decimal 225)
   defining Unicode char U+00E2 (decimal 226)
   defining Unicode char U+00E3 (decimal 227)
   defining Unicode char U+00E8 (decimal 232)
   defining Unicode char U+00E9 (decimal 233)
   defining Unicode char U+00EA (decimal 234)
   defining Unicode char U+00EC (decimal 236)
   defining Unicode char U+00ED (decimal 237)
   defining Unicode char U+00F2 (decimal 242)
   defining Unicode char U+00F3 (decimal 243)
   defining Unicode char U+00F4 (decimal 244)
   defining Unicode char U+00F5 (decimal 245)
   defining Unicode char U+00F9 (decimal 249)
   defining Unicode char U+00FA (decimal 250)
   defining Unicode char U+00FD (decimal 253)
   defining Unicode char U+0102 (decimal 258)
   defining Unicode char U+0103 (decimal 259)
   defining Unicode char U+0110 (decimal 272)
   defining Unicode char U+0111 (decimal 273)
   defining Unicode char U+0128 (decimal 296)
   defining Unicode char U+0129 (decimal 297)
   defining Unicode char U+0131 (decimal 305)
   defining Unicode char U+0168 (decimal 360)
   defining Unicode char U+0169 (decimal 361)
   defining Unicode char U+01A0 (decimal 416)
   defining Unicode char U+01A1 (decimal 417)
   defining Unicode char U+01AF (decimal 431)
   defining Unicode char U+01B0 (decimal 432)
   defining Unicode char U+1EA0 (decimal 7840)
   defining Unicode char U+1EA1 (decimal 7841)
   defining Unicode char U+1EA2 (decimal 7842)
   defining Unicode char U+1EA3 (decimal 7843)
   defining Unicode char U+1EA4 (decimal 7844)
   defining Unicode char U+1EA5 (decimal 7845)
   defining Unicode char U+1EA6 (decimal 7846)
   defining Unicode char U+1EA7 (decimal 7847)
   defining Unicode char U+1EA8 (decimal 7848)
   defining Unicode char U+1EA9 (decimal 7849)
   defining Unicode char U+1EAA (decimal 7850)
   defining Unicode char U+1EAB (decimal 7851)
   defining Unicode char U+1EAC (decimal 7852)
   defining Unicode char U+1EAD (decimal 7853)
   defining Unicode char U+1EAE (decimal 7854)
   defining Unicode char U+1EAF (decimal 7855)
   defining Unicode char U+1EB0 (decimal 7856)
   defining Unicode char U+1EB1 (decimal 7857)
   defining Unicode char U+1EB2 (decimal 7858)
   defining Unicode char U+1EB3 (decimal 7859)
   defining Unicode char U+1EB4 (decimal 7860)
   defining Unicode char U+1EB5 (decimal 7861)
   defining Unicode char U+1EB6 (decimal 7862)
   defining Unicode char U+1EB7 (decimal 7863)
   defining Unicode char U+1EB8 (decimal 7864)
   defining Unicode char U+1EB9 (decimal 7865)
   defining Unicode char U+1EBA (decimal 7866)
   defining Unicode char U+1EBB (decimal 7867)
   defining Unicode char U+1EBC (decimal 7868)
   defining Unicode char U+1EBD (decimal 7869)
   defining Unicode char U+1EBE (decimal 7870)
   defining Unicode char U+1EBF (decimal 7871)
   defining Unicode char U+1EC0 (decimal 7872)
   defining Unicode char U+1EC1 (decimal 7873)
   defining Unicode char U+1EC2 (decimal 7874)
   defining Unicode char U+1EC3 (decimal 7875)
   defining Unicode char U+1EC4 (decimal 7876)
   defining Unicode char U+1EC5 (decimal 7877)
   defining Unicode char U+1EC6 (decimal 7878)
   defining Unicode char U+1EC7 (decimal 7879)
   defining Unicode char U+1EC8 (decimal 7880)
   defining Unicode char U+1EC9 (decimal 7881)
   defining Unicode char U+1ECA (decimal 7882)
   defining Unicode char U+1ECB (decimal 7883)
   defining Unicode char U+1ECC (decimal 7884)
   defining Unicode char U+1ECD (decimal 7885)
   defining Unicode char U+1ECE (decimal 7886)
   defining Unicode char U+1ECF (decimal 7887)
   defining Unicode char U+1ED0 (decimal 7888)
   defining Unicode char U+1ED1 (decimal 7889)
   defining Unicode char U+1ED2 (decimal 7890)
   defining Unicode char U+1ED3 (decimal 7891)
   defining Unicode char U+1ED4 (decimal 7892)
   defining Unicode char U+1ED5 (decimal 7893)
   defining Unicode char U+1ED6 (decimal 7894)
   defining Unicode char U+1ED7 (decimal 7895)
   defining Unicode char U+1ED8 (decimal 7896)
   defining Unicode char U+1ED9 (decimal 7897)
   defining Unicode char U+1EDA (decimal 7898)
   defining Unicode char U+1EDB (decimal 7899)
   defining Unicode char U+1EDC (decimal 7900)
   defining Unicode char U+1EDD (decimal 7901)
   defining Unicode char U+1EDE (decimal 7902)
   defining Unicode char U+1EDF (decimal 7903)
   defining Unicode char U+1EE0 (decimal 7904)
   defining Unicode char U+1EE1 (decimal 7905)
   defining Unicode char U+1EE2 (decimal 7906)
   defining Unicode char U+1EE3 (decimal 7907)
   defining Unicode char U+1EE4 (decimal 7908)
   defining Unicode char U+1EE5 (decimal 7909)
   defining Unicode char U+1EE6 (decimal 7910)
   defining Unicode char U+1EE7 (decimal 7911)
   defining Unicode char U+1EE8 (decimal 7912)
   defining Unicode char U+1EE9 (decimal 7913)
   defining Unicode char U+1EEA (decimal 7914)
   defining Unicode char U+1EEB (decimal 7915)
   defining Unicode char U+1EEC (decimal 7916)
   defining Unicode char U+1EED (decimal 7917)
   defining Unicode char U+1EEE (decimal 7918)
   defining Unicode char U+1EEF (decimal 7919)
   defining Unicode char U+1EF0 (decimal 7920)
   defining Unicode char U+1EF1 (decimal 7921)
   defining Unicode char U+1EF2 (decimal 7922)
   defining Unicode char U+1EF3 (decimal 7923)
   defining Unicode char U+1EF4 (decimal 7924)
   defining Unicode char U+1EF5 (decimal 7925)
   defining Unicode char U+1EF6 (decimal 7926)
   defining Unicode char U+1EF7 (decimal 7927)
   defining Unicode char U+1EF8 (decimal 7928)
   defining Unicode char U+1EF9 (decimal 7929)
   defining Unicode char U+200C (decimal 8204)
   defining Unicode char U+2013 (decimal 8211)
   defining Unicode char U+2014 (decimal 8212)
   defining Unicode char U+2018 (decimal 8216)
   defining Unicode char U+2019 (decimal 8217)
   defining Unicode char U+201A (decimal 8218)
   defining Unicode char U+201C (decimal 8220)
   defining Unicode char U+201D (decimal 8221)
   defining Unicode char U+201E (decimal 8222)
   defining Unicode char U+2030 (decimal 8240)
   defining Unicode char U+2031 (decimal 8241)
   defining Unicode char U+2039 (decimal 8249)
   defining Unicode char U+203A (decimal 8250)
   defining Unicode char U+2423 (decimal 9251)
))
LaTeX Font Info:    Trying to load font information for T5+cmr on input line 11
2.

(C:\Program Files\MiKTeX\tex/latex/vntex\t5cmr.fd
File: t5cmr.fd 1999/05/25 v2.5h Standard LaTeX font definitions
))
(C:\Program Files\MiKTeX\tex/latex/base\inputenc.sty
Package: inputenc 2021/02/14 v1.3d Input encoding file
\inpenc@prehook=\toks18
\inpenc@posthook=\toks19
)
(C:\Program Files\MiKTeX\tex/latex/vntex\vncaps.tex
File: vncaps.tex 2006/06/07 v1.1 Captions in Vietnamese
))
(C:\Program Files\MiKTeX\tex/latex/geometry\geometry.sty
Package: geometry 2020/01/02 v5.9 Page Geometry

(C:\Program Files\MiKTeX\tex/generic/iftex\ifvtex.sty
Package: ifvtex 2019/10/25 v1.7 ifvtex legacy package. Use iftex instead.

(C:\Program Files\MiKTeX\tex/generic/iftex\iftex.sty
Package: iftex 2022/02/03 v1.0f TeX engine tests
))
\Gm@cnth=\count193
\Gm@cntv=\count194
\c@Gm@tempcnt=\count195
\Gm@bindingoffset=\dimen143
\Gm@wd@mp=\dimen144
\Gm@odd@mp=\dimen145
\Gm@even@mp=\dimen146
\Gm@layoutwidth=\dimen147
\Gm@layoutheight=\dimen148
\Gm@layouthoffset=\dimen149
\Gm@layoutvoffset=\dimen150
\Gm@dimlist=\toks20

(C:\Program Files\MiKTeX\tex/latex/geometry\geometry.cfg))
(C:\Program Files\MiKTeX\tex/latex/caption\caption.sty
Package: caption 2023/08/05 v3.6o Customizing captions (AR)

(C:\Program Files\MiKTeX\tex/latex/caption\caption3.sty
Package: caption3 2023/07/31 v2.4d caption3 kernel (AR)
\caption@tempdima=\dimen151
\captionmargin=\dimen152
\caption@leftmargin=\dimen153
\caption@rightmargin=\dimen154
\caption@width=\dimen155
\caption@indent=\dimen156
\caption@parindent=\dimen157
\caption@hangindent=\dimen158
Package caption Info: Standard document class detected.
)
\c@caption@flags=\count196
\c@continuedfloat=\count197
)
(C:\Program Files\MiKTeX\tex/latex/float\float.sty
Package: float 2001/11/08 v1.3d Float enhancements (AL)
\c@float@type=\count198
\float@exts=\toks21
\float@box=\box51
\@float@everytoks=\toks22
\@floatcapt=\box52
)
(C:\Program Files\MiKTeX\tex/latex/ulem\ulem.sty
\UL@box=\box53
\UL@hyphenbox=\box54
\UL@skip=\skip50
\UL@hook=\toks23
\UL@height=\dimen159
\UL@pe=\count199
\UL@pixel=\dimen160
\ULC@box=\box55
Package: ulem 2019/11/18
\ULdepth=\dimen161
)
(C:\Program Files\MiKTeX\tex/latex/changepage\changepage.sty
Package: changepage 2009/10/20 v1.0c check page and change page layout
\c@cp@cntr=\count266
\cp@tempcnt=\count267
)
(C:\Program Files\MiKTeX\tex/latex/tocloft\tocloft.sty
Package: tocloft 2017/08/31 v2.3i parameterised ToC, etc., typesetting
Package tocloft Info: The document has section divisions on input line 51.
\cftparskip=\skip51
\cftbeforetoctitleskip=\skip52
\cftaftertoctitleskip=\skip53
\cftbeforepartskip=\skip54
\cftpartnumwidth=\skip55
\cftpartindent=\skip56
\cftbeforesecskip=\skip57
\cftsecindent=\skip58
\cftsecnumwidth=\skip59
\cftbeforesubsecskip=\skip60
\cftsubsecindent=\skip61
\cftsubsecnumwidth=\skip62
\cftbeforesubsubsecskip=\skip63
\cftsubsubsecindent=\skip64
\cftsubsubsecnumwidth=\skip65
\cftbeforeparaskip=\skip66
\cftparaindent=\skip67
\cftparanumwidth=\skip68
\cftbeforesubparaskip=\skip69
\cftsubparaindent=\skip70
\cftsubparanumwidth=\skip71
\cftbeforeloftitleskip=\skip72
\cftafterloftitleskip=\skip73
\cftbeforefigskip=\skip74
\cftfigindent=\skip75
\cftfignumwidth=\skip76
\c@lofdepth=\count268
\c@lotdepth=\count269
\cftbeforelottitleskip=\skip77
\cftafterlottitleskip=\skip78
\cftbeforetabskip=\skip79
\cfttabindent=\skip80
\cfttabnumwidth=\skip81
)
(C:\Program Files\MiKTeX\tex/latex/ragged2e\ragged2e.sty
Package: ragged2e 2023/06/22 v3.6 ragged2e Package
\CenteringLeftskip=\skip82
\RaggedLeftLeftskip=\skip83
\RaggedRightLeftskip=\skip84
\CenteringRightskip=\skip85
\RaggedLeftRightskip=\skip86
\RaggedRightRightskip=\skip87
\CenteringParfillskip=\skip88
\RaggedLeftParfillskip=\skip89
\RaggedRightParfillskip=\skip90
\JustifyingParfillskip=\skip91
\CenteringParindent=\skip92
\RaggedLeftParindent=\skip93
\RaggedRightParindent=\skip94
\JustifyingParindent=\skip95
)
(C:\Program Files\MiKTeX\tex/latex/tools\array.sty
Package: array 2022/09/04 v2.5g Tabular extension package (FMi)
\col@sep=\dimen162
\ar@mcellbox=\box56
\extrarowheight=\dimen163
\NC@list=\toks24
\extratabsurround=\skip96
\backup@length=\skip97
\ar@cellbox=\box57
)
(C:\Program Files\MiKTeX\tex/latex/tcolorbox\tcolorbox.sty
Package: tcolorbox 2023/06/19 version 6.0.4 text color boxes

(C:\Program Files\MiKTeX\tex/latex/pgf/basiclayer\pgf.sty
(C:\Program Files\MiKTeX\tex/latex/pgf/utilities\pgfrcs.sty
(C:\Program Files\MiKTeX\tex/generic/pgf/utilities\pgfutil-common.tex
\pgfutil@everybye=\toks25
\pgfutil@tempdima=\dimen164
\pgfutil@tempdimb=\dimen165
)
(C:\Program Files\MiKTeX\tex/generic/pgf/utilities\pgfutil-latex.def
\pgfutil@abb=\box58
)
(C:\Program Files\MiKTeX\tex/generic/pgf/utilities\pgfrcs.code.tex
(C:\Program Files\MiKTeX\tex/generic/pgf\pgf.revision.tex)
Package: pgfrcs 2023-01-15 v3.1.10 (3.1.10)
))
Package: pgf 2023-01-15 v3.1.10 (3.1.10)

(C:\Program Files\MiKTeX\tex/latex/pgf/basiclayer\pgfcore.sty
(C:\Program Files\MiKTeX\tex/latex/pgf/systemlayer\pgfsys.sty
(C:\Program Files\MiKTeX\tex/generic/pgf/systemlayer\pgfsys.code.tex
Package: pgfsys 2023-01-15 v3.1.10 (3.1.10)

(C:\Program Files\MiKTeX\tex/generic/pgf/utilities\pgfkeys.code.tex
\pgfkeys@pathtoks=\toks26
\pgfkeys@temptoks=\toks27

(C:\Program Files\MiKTeX\tex/generic/pgf/utilities\pgfkeyslibraryfiltered.code.
tex
\pgfkeys@tmptoks=\toks28
))
\pgf@x=\dimen166
\pgf@y=\dimen167
\pgf@xa=\dimen168
\pgf@ya=\dimen169
\pgf@xb=\dimen170
\pgf@yb=\dimen171
\pgf@xc=\dimen172
\pgf@yc=\dimen173
\pgf@xd=\dimen174
\pgf@yd=\dimen175
\w@pgf@writea=\write3
\r@pgf@reada=\read2
\c@pgf@counta=\count270
\c@pgf@countb=\count271
\c@pgf@countc=\count272
\c@pgf@countd=\count273
\t@pgf@toka=\toks29
\t@pgf@tokb=\toks30
\t@pgf@tokc=\toks31
\pgf@sys@id@count=\count274
 (C:\Program Files\MiKTeX\tex/generic/pgf/systemlayer\pgf.cfg
File: pgf.cfg 2023-01-15 v3.1.10 (3.1.10)
)
Driver file for pgf: pgfsys-pdftex.def

(C:\Program Files\MiKTeX\tex/generic/pgf/systemlayer\pgfsys-pdftex.def
File: pgfsys-pdftex.def 2023-01-15 v3.1.10 (3.1.10)

(C:\Program Files\MiKTeX\tex/generic/pgf/systemlayer\pgfsys-common-pdf.def
File: pgfsys-common-pdf.def 2023-01-15 v3.1.10 (3.1.10)
)))
(C:\Program Files\MiKTeX\tex/generic/pgf/systemlayer\pgfsyssoftpath.code.tex
File: pgfsyssoftpath.code.tex 2023-01-15 v3.1.10 (3.1.10)
\pgfsyssoftpath@smallbuffer@items=\count275
\pgfsyssoftpath@bigbuffer@items=\count276
)
(C:\Program Files\MiKTeX\tex/generic/pgf/systemlayer\pgfsysprotocol.code.tex
File: pgfsysprotocol.code.tex 2023-01-15 v3.1.10 (3.1.10)
))
(C:\Program Files\MiKTeX\tex/latex/xcolor\xcolor.sty
Package: xcolor 2022/06/12 v2.14 LaTeX color extensions (UK)

(C:\Program Files\MiKTeX\tex/latex/graphics-cfg\color.cfg
File: color.cfg 2016/01/02 v1.6 sample color configuration
)
Package xcolor Info: Driver file: pdftex.def on input line 227.

(C:\Program Files\MiKTeX\tex/latex/graphics\mathcolor.ltx)
Package xcolor Info: Model `cmy' substituted by `cmy0' on input line 1353.
Package xcolor Info: Model `hsb' substituted by `rgb' on input line 1357.
Package xcolor Info: Model `RGB' extended on input line 1369.
Package xcolor Info: Model `HTML' substituted by `rgb' on input line 1371.
Package xcolor Info: Model `Hsb' substituted by `hsb' on input line 1372.
Package xcolor Info: Model `tHsb' substituted by `hsb' on input line 1373.
Package xcolor Info: Model `HSB' substituted by `hsb' on input line 1374.
Package xcolor Info: Model `Gray' substituted by `gray' on input line 1375.
Package xcolor Info: Model `wave' substituted by `hsb' on input line 1376.
)
(C:\Program Files\MiKTeX\tex/generic/pgf/basiclayer\pgfcore.code.tex
Package: pgfcore 2023-01-15 v3.1.10 (3.1.10)

(C:\Program Files\MiKTeX\tex/generic/pgf/math\pgfmath.code.tex
(C:\Program Files\MiKTeX\tex/generic/pgf/math\pgfmathutil.code.tex)
(C:\Program Files\MiKTeX\tex/generic/pgf/math\pgfmathparser.code.tex
\pgfmath@dimen=\dimen176
\pgfmath@count=\count277
\pgfmath@box=\box59
\pgfmath@toks=\toks32
\pgfmath@stack@operand=\toks33
\pgfmath@stack@operation=\toks34
)
(C:\Program Files\MiKTeX\tex/generic/pgf/math\pgfmathfunctions.code.tex)
(C:\Program Files\MiKTeX\tex/generic/pgf/math\pgfmathfunctions.basic.code.tex)
(C:\Program Files\MiKTeX\tex/generic/pgf/math\pgfmathfunctions.trigonometric.co
de.tex)
(C:\Program Files\MiKTeX\tex/generic/pgf/math\pgfmathfunctions.random.code.tex)

(C:\Program Files\MiKTeX\tex/generic/pgf/math\pgfmathfunctions.comparison.code.
tex)
(C:\Program Files\MiKTeX\tex/generic/pgf/math\pgfmathfunctions.base.code.tex)
(C:\Program Files\MiKTeX\tex/generic/pgf/math\pgfmathfunctions.round.code.tex)
(C:\Program Files\MiKTeX\tex/generic/pgf/math\pgfmathfunctions.misc.code.tex)
(C:\Program Files\MiKTeX\tex/generic/pgf/math\pgfmathfunctions.integerarithmeti
cs.code.tex) (C:\Program Files\MiKTeX\tex/generic/pgf/math\pgfmathcalc.code.tex
) (C:\Program Files\MiKTeX\tex/generic/pgf/math\pgfmathfloat.code.tex
\c@pgfmathroundto@lastzeros=\count278
))
(C:\Program Files\MiKTeX\tex/generic/pgf/math\pgfint.code.tex)
(C:\Program Files\MiKTeX\tex/generic/pgf/basiclayer\pgfcorepoints.code.tex
File: pgfcorepoints.code.tex 2023-01-15 v3.1.10 (3.1.10)
\pgf@picminx=\dimen177
\pgf@picmaxx=\dimen178
\pgf@picminy=\dimen179
\pgf@picmaxy=\dimen180
\pgf@pathminx=\dimen181
\pgf@pathmaxx=\dimen182
\pgf@pathminy=\dimen183
\pgf@pathmaxy=\dimen184
\pgf@xx=\dimen185
\pgf@xy=\dimen186
\pgf@yx=\dimen187
\pgf@yy=\dimen188
\pgf@zx=\dimen189
\pgf@zy=\dimen190
)
(C:\Program Files\MiKTeX\tex/generic/pgf/basiclayer\pgfcorepathconstruct.code.t
ex
File: pgfcorepathconstruct.code.tex 2023-01-15 v3.1.10 (3.1.10)
\pgf@path@lastx=\dimen191
\pgf@path@lasty=\dimen192
)
(C:\Program Files\MiKTeX\tex/generic/pgf/basiclayer\pgfcorepathusage.code.tex
File: pgfcorepathusage.code.tex 2023-01-15 v3.1.10 (3.1.10)
\pgf@shorten@end@additional=\dimen193
\pgf@shorten@start@additional=\dimen194
)
(C:\Program Files\MiKTeX\tex/generic/pgf/basiclayer\pgfcorescopes.code.tex
File: pgfcorescopes.code.tex 2023-01-15 v3.1.10 (3.1.10)
\pgfpic=\box60
\pgf@hbox=\box61
\pgf@layerbox@main=\box62
\pgf@picture@serial@count=\count279
)
(C:\Program Files\MiKTeX\tex/generic/pgf/basiclayer\pgfcoregraphicstate.code.te
x
File: pgfcoregraphicstate.code.tex 2023-01-15 v3.1.10 (3.1.10)
\pgflinewidth=\dimen195
)
(C:\Program Files\MiKTeX\tex/generic/pgf/basiclayer\pgfcoretransformations.code
.tex
File: pgfcoretransformations.code.tex 2023-01-15 v3.1.10 (3.1.10)
\pgf@pt@x=\dimen196
\pgf@pt@y=\dimen197
\pgf@pt@temp=\dimen198
) (C:\Program Files\MiKTeX\tex/generic/pgf/basiclayer\pgfcorequick.code.tex
File: pgfcorequick.code.tex 2023-01-15 v3.1.10 (3.1.10)
) (C:\Program Files\MiKTeX\tex/generic/pgf/basiclayer\pgfcoreobjects.code.tex
File: pgfcoreobjects.code.tex 2023-01-15 v3.1.10 (3.1.10)
)
(C:\Program Files\MiKTeX\tex/generic/pgf/basiclayer\pgfcorepathprocessing.code.
tex
File: pgfcorepathprocessing.code.tex 2023-01-15 v3.1.10 (3.1.10)
) (C:\Program Files\MiKTeX\tex/generic/pgf/basiclayer\pgfcorearrows.code.tex
File: pgfcorearrows.code.tex 2023-01-15 v3.1.10 (3.1.10)
\pgfarrowsep=\dimen199
) (C:\Program Files\MiKTeX\tex/generic/pgf/basiclayer\pgfcoreshade.code.tex
File: pgfcoreshade.code.tex 2023-01-15 v3.1.10 (3.1.10)
\pgf@max=\dimen256
\pgf@sys@shading@range@num=\count280
\pgf@shadingcount=\count281
)
(C:\Program Files\MiKTeX\tex/generic/pgf/basiclayer\pgfcoreimage.code.tex
File: pgfcoreimage.code.tex 2023-01-15 v3.1.10 (3.1.10)
)
(C:\Program Files\MiKTeX\tex/generic/pgf/basiclayer\pgfcoreexternal.code.tex
File: pgfcoreexternal.code.tex 2023-01-15 v3.1.10 (3.1.10)
\pgfexternal@startupbox=\box63
)
(C:\Program Files\MiKTeX\tex/generic/pgf/basiclayer\pgfcorelayers.code.tex
File: pgfcorelayers.code.tex 2023-01-15 v3.1.10 (3.1.10)
)
(C:\Program Files\MiKTeX\tex/generic/pgf/basiclayer\pgfcoretransparency.code.te
x
File: pgfcoretransparency.code.tex 2023-01-15 v3.1.10 (3.1.10)
) (C:\Program Files\MiKTeX\tex/generic/pgf/basiclayer\pgfcorepatterns.code.tex
File: pgfcorepatterns.code.tex 2023-01-15 v3.1.10 (3.1.10)
) (C:\Program Files\MiKTeX\tex/generic/pgf/basiclayer\pgfcorerdf.code.tex
File: pgfcorerdf.code.tex 2023-01-15 v3.1.10 (3.1.10)
)))
(C:\Program Files\MiKTeX\tex/generic/pgf/modules\pgfmoduleshapes.code.tex
File: pgfmoduleshapes.code.tex 2023-01-15 v3.1.10 (3.1.10)
\pgfnodeparttextbox=\box64
)
(C:\Program Files\MiKTeX\tex/generic/pgf/modules\pgfmoduleplot.code.tex
File: pgfmoduleplot.code.tex 2023-01-15 v3.1.10 (3.1.10)
)
(C:\Program Files\MiKTeX\tex/latex/pgf/compatibility\pgfcomp-version-0-65.sty
Package: pgfcomp-version-0-65 2023-01-15 v3.1.10 (3.1.10)
\pgf@nodesepstart=\dimen257
\pgf@nodesepend=\dimen258
)
(C:\Program Files\MiKTeX\tex/latex/pgf/compatibility\pgfcomp-version-1-18.sty
Package: pgfcomp-version-1-18 2023-01-15 v3.1.10 (3.1.10)
)) (C:\Program Files\MiKTeX\tex/latex/tools\verbatim.sty
Package: verbatim 2022-07-02 v1.5u LaTeX2e package for verbatim enhancements
\every@verbatim=\toks35
\verbatim@line=\toks36
\verbatim@in@stream=\read3
)
(C:\Program Files\MiKTeX\tex/latex/environ\environ.sty
Package: environ 2014/05/04 v0.3 A new way to define environments

(C:\Program Files\MiKTeX\tex/latex/trimspaces\trimspaces.sty
Package: trimspaces 2009/09/17 v1.1 Trim spaces around a token list
)
\@envbody=\toks37
)
(C:\Program Files\MiKTeX\tex/latex/etoolbox\etoolbox.sty
Package: etoolbox 2020/10/05 v2.5k e-TeX tools for LaTeX (JAW)
\etb@tempcnta=\count282
)
\tcb@titlebox=\box65
\tcb@upperbox=\box66
\tcb@lowerbox=\box67
\tcb@phantombox=\box68
\c@tcbbreakpart=\count283
\c@tcblayer=\count284
\c@tcolorbox@number=\count285
\tcb@temp=\box69
\tcb@temp=\box70
\tcb@temp=\box71
\tcb@temp=\box72
)
(C:\Program Files\MiKTeX\tex/latex/titlesec\titlesec.sty
Package: titlesec 2023/10/27 v2.16 Sectioning titles
\ttl@box=\box73
\beforetitleunit=\skip98
\aftertitleunit=\skip99
\ttl@plus=\dimen259
\ttl@minus=\dimen260
\ttl@toksa=\toks38
\titlewidth=\dimen261
\titlewidthlast=\dimen262
\titlewidthfirst=\dimen263
)
(C:\Program Files\MiKTeX\tex/latex/enumitem\enumitem.sty
Package: enumitem 2019/06/20 v3.9 Customized lists
\labelindent=\skip100
\enit@outerparindent=\dimen264
\enit@toks=\toks39
\enit@inbox=\box74
\enit@count@id=\count286
\enitdp@description=\count287
)
(C:\Program Files\MiKTeX\tex/latex/setspace\setspace.sty
Package: setspace 2022/12/04 v6.7b set line spacing
)
(C:\Program Files\MiKTeX\tex/latex/l3backend\l3backend-pdftex.def
File: l3backend-pdftex.def 2023-04-19 L3 backend support: PDF output (pdfTeX)
\l__color_backend_stack_int=\count288
\l__pdf_internal_box=\box75
) (main.aux

LaTeX Warning: Label `fig:logoTDT_1' multiply defined.

)
\openout1 = `main.aux'.

LaTeX Font Info:    Checking defaults for OML/cmm/m/it on input line 38.
LaTeX Font Info:    ... okay on input line 38.
LaTeX Font Info:    Checking defaults for OMS/cmsy/m/n on input line 38.
LaTeX Font Info:    ... okay on input line 38.
LaTeX Font Info:    Checking defaults for OT1/cmr/m/n on input line 38.
LaTeX Font Info:    ... okay on input line 38.
LaTeX Font Info:    Checking defaults for T1/cmr/m/n on input line 38.
LaTeX Font Info:    ... okay on input line 38.
LaTeX Font Info:    Checking defaults for TS1/cmr/m/n on input line 38.
LaTeX Font Info:    ... okay on input line 38.
LaTeX Font Info:    Checking defaults for OMX/cmex/m/n on input line 38.
LaTeX Font Info:    ... okay on input line 38.
LaTeX Font Info:    Checking defaults for U/cmr/m/n on input line 38.
LaTeX Font Info:    ... okay on input line 38.
LaTeX Font Info:    Checking defaults for T5/cmr/m/n on input line 38.
LaTeX Font Info:    ... okay on input line 38.
 (C:\Program Files\MiKTeX\tex/context/base/mkii\supp-pdf.mkii
[Loading MPS to PDF converter (version 2006.09.02).]
\scratchcounter=\count289
\scratchdimen=\dimen265
\scratchbox=\box76
\nofMPsegments=\count290
\nofMParguments=\count291
\everyMPshowfont=\toks40
\MPscratchCnt=\count292
\MPscratchDim=\dimen266
\MPnumerator=\count293
\makeMPintoPDFobject=\count294
\everyMPtoPDFconversion=\toks41
) (C:\Program Files\MiKTeX\tex/latex/epstopdf-pkg\epstopdf-base.sty
Package: epstopdf-base 2020-01-24 v2.11 Base part for package epstopdf
Package epstopdf-base Info: Redefining graphics rule for `.eps' on input line 4
85.

(C:\Program Files\MiKTeX\tex/latex/00miktex\epstopdf-sys.cfg
File: epstopdf-sys.cfg 2021/03/18 v2.0 Configuration of epstopdf for MiKTeX
))
*geometry* driver: auto-detecting
*geometry* detected driver: pdftex
*geometry* verbose mode - [ preamble ] result:
* driver: pdftex
* paper: a4paper
* layout: <same size as paper>
* layoutoffset:(h,v)=(0.0pt,0.0pt)
* modes: 
* h-part:(L,W,R)=(71.13188pt, 469.47049pt, 56.9055pt)
* v-part:(T,H,B)=(71.13188pt, 688.5567pt, 85.35826pt)
* \paperwidth=597.50787pt
* \paperheight=845.04684pt
* \textwidth=469.47049pt
* \textheight=688.5567pt
* \oddsidemargin=-1.1381pt
* \evensidemargin=-1.1381pt
* \topmargin=-38.1381pt
* \headheight=12.0pt
* \headsep=25.0pt
* \topskip=12.0pt
* \footskip=30.0pt
* \marginparwidth=35.0pt
* \marginparsep=10.0pt
* \columnsep=10.0pt
* \skip\footins=10.8pt plus 4.0pt minus 2.0pt
* \hoffset=0.0pt
* \voffset=0.0pt
* \mag=1000
* \@twocolumnfalse
* \@twosidefalse
* \@mparswitchfalse
* \@reversemarginfalse
* (1in=72.27pt=25.4mm, 1cm=28.453pt)

Package caption Info: Begin \AtBeginDocument code.
Package caption Info: changepage package is loaded.
\caption@adjustwidth@hsize=\dimen267
\caption@adjustwidth@linewidth=\dimen268
Package caption Info: float package is loaded.
Package caption Info: End \AtBeginDocument code.
<logo_tdtu.jpg, id=4, 722.7pt x 722.7pt>
File: logo_tdtu.jpg Graphic file (type jpg)
<use logo_tdtu.jpg>
Package pdftex.def Info: logo_tdtu.jpg  used on input line 47.
(pdftex.def)             Requested size: 93.89265pt x 93.88812pt.
[1

{C:/Users/Mie/AppData/Local/MiKTeX/fonts/map/pdftex/pdftex.map} <./logo_tdtu.jp
g>]
File: logo_tdtu.jpg Graphic file (type jpg)
<use logo_tdtu.jpg>
Package pdftex.def Info: logo_tdtu.jpg  used on input line 78.
(pdftex.def)             Requested size: 93.89265pt x 93.88812pt.
 [2] [3] [4] [5] [6] [7] (main.toc
LaTeX Font Info:    External font `cmex10' loaded for size
(Font)              <14.4> on input line 1.
LaTeX Font Info:    External font `cmex10' loaded for size
(Font)              <7> on input line 1.
 [8])
\tf@toc=\write4
\openout4 = `main.toc'.

 [9] (main.lot)
\tf@lot=\write5
\openout5 = `main.lot'.

 (main.lof [10])
\tf@lof=\write6
\openout6 = `main.lof'.


[11] [12] [13] [14] [15] [16]
<sodolyluan.png, id=65, 1703.36375pt x 832.10875pt>
File: sodolyluan.png Graphic file (type png)
<use sodolyluan.png>
Package pdftex.def Info: sodolyluan.png  used on input line 247.
(pdftex.def)             Requested size: 445.99553pt x 217.8668pt.
<sodovatly.png, id=67, 762.4485pt x 451.08525pt>
File: sodovatly.png Graphic file (type png)
<use sodovatly.png>
Package pdftex.def Info: sodovatly.png  used on input line 253.
(pdftex.def)             Requested size: 445.99553pt x 263.85971pt.
 [17 <./sodolyluan.png> <./sodovatly.png>]
Overfull \hbox (44.02075pt too wide) in paragraph at lines 257--257
|[]\T5/cmr/bx/n/20 TH∆NG TIN CÄI ^^^êT CáU HúNH Hõ TH»NG| 
 []

LaTeX Font Info:    External font `cmex10' loaded for size
(Font)              <12> on input line 263.
LaTeX Font Info:    External font `cmex10' loaded for size
(Font)              <8> on input line 263.
LaTeX Font Info:    External font `cmex10' loaded for size
(Font)              <6> on input line 263.
[18] [19] [20] [21] [22] [23] [24] [25] [26] [27] [28] [29] [30] [31] [32]
[33]
<dns_ip.png, id=128, 457.71pt x 352.31625pt>
File: dns_ip.png Graphic file (type png)
<use dns_ip.png>
Package pdftex.def Info: dns_ip.png  used on input line 786.
(pdftex.def)             Requested size: 469.47049pt x 361.38454pt.
 [34 <./dns_ip.png>]
<dns_config.png, id=133, 457.71pt x 352.31625pt>
File: dns_config.png Graphic file (type png)
<use dns_config.png>
Package pdftex.def Info: dns_config.png  used on input line 799.
(pdftex.def)             Requested size: 469.47049pt x 361.38454pt.
 [35 <./dns_config.png>]
<web_ip.png, id=138, 457.71pt x 353.52075pt>
File: web_ip.png Graphic file (type png)
<use web_ip.png>
Package pdftex.def Info: web_ip.png  used on input line 817.
(pdftex.def)             Requested size: 469.47049pt x 362.62004pt.
 [36 <./web_ip.png>]
<web_accesshttp.png, id=143, 457.71pt x 353.52075pt>
File: web_accesshttp.png Graphic file (type png)
<use web_accesshttp.png>
Package pdftex.def Info: web_accesshttp.png  used on input line 829.
(pdftex.def)             Requested size: 469.47049pt x 362.62004pt.
 [37 <./web_accesshttp.png>]
<web_creation.png, id=149, 527.571pt x 535.40025pt>
File: web_creation.png Graphic file (type png)
<use web_creation.png>
Package pdftex.def Info: web_creation.png  used on input line 837.
(pdftex.def)             Requested size: 469.47049pt x 476.43936pt.
 [38 <./web_creation.png>]
<mail_ip.png, id=154, 344.487pt x 265.59225pt>
File: mail_ip.png Graphic file (type png)
<use mail_ip.png>
Package pdftex.def Info: mail_ip.png  used on input line 854.
(pdftex.def)             Requested size: 469.47049pt x 361.9666pt.
 [39 <./mail_ip.png>]
<users_creation.jpg, id=159, 532.61168pt x 443.94429pt>
File: users_creation.jpg Graphic file (type jpg)
<use users_creation.jpg>
Package pdftex.def Info: users_creation.jpg  used on input line 868.
(pdftex.def)             Requested size: 469.47049pt x 391.32248pt.
 [40 <./users_creation.jpg>]
<users_config.png, id=163, 527.571pt x 348.70274pt>
File: users_config.png Graphic file (type png)
<use users_config.png>
Package pdftex.def Info: users_config.png  used on input line 876.
(pdftex.def)             Requested size: 469.47049pt x 310.30188pt.
 [41 <./users_config.png>]
<devices_receivemail_01.png, id=168, 457.71pt x 151.16475pt>
File: devices_receivemail_01.png Graphic file (type png)
<use devices_receivemail_01.png>
Package pdftex.def Info: devices_receivemail_01.png  used on input line 901.
(pdftex.def)             Requested size: 469.47049pt x 155.05557pt.
<devices_receivemail_03.png, id=169, 1055.142pt x 420.97275pt>
File: devices_receivemail_03.png Graphic file (type png)
<use devices_receivemail_03.png>
Package pdftex.def Info: devices_receivemail_03.png  used on input line 906.
(pdftex.def)             Requested size: 469.47049pt x 187.30338pt.
 [42 <./devices_receivemail_01.png> <./devices_receivemail_03.png>]
<reply_mail.png, id=175, 1055.142pt x 417.9615pt>
File: reply_mail.png Graphic file (type png)
<use reply_mail.png>
Package pdftex.def Info: reply_mail.png  used on input line 912.
(pdftex.def)             Requested size: 469.47049pt x 185.96358pt.
<sendandreply_steps.png, id=176, 527.571pt x 415.5525pt>
File: sendandreply_steps.png Graphic file (type png)
<use sendandreply_steps.png>
Package pdftex.def Info: sendandreply_steps.png  used on input line 917.
(pdftex.def)             Requested size: 469.47049pt x 369.78983pt.
 [43 <./reply_mail.png> <./sendandreply_steps.png>]
<ftp_ip.png, id=183, 457.71pt x 354.123pt>
File: ftp_ip.png Graphic file (type png)
<use ftp_ip.png>
Package pdftex.def Info: ftp_ip.png  used on input line 933.
(pdftex.def)             Requested size: 469.47049pt x 363.23778pt.

[44 <./ftp_ip.png>]
<ftp_config.jpg, id=188, 443.80571pt x 450.59618pt>
File: ftp_config.jpg Graphic file (type jpg)
<use ftp_config.jpg>
Package pdftex.def Info: ftp_config.jpg  used on input line 947.
(pdftex.def)             Requested size: 445.99553pt x 452.83647pt.
 [45 <./ftp_config.jpg>]
<hellofile_creation.jpg, id=192, 530.18243pt x 537.47017pt>
File: hellofile_creation.jpg Graphic file (type jpg)
<use hellofile_creation.jpg>
Package pdftex.def Info: hellofile_creation.jpg  used on input line 961.
(pdftex.def)             Requested size: 469.47049pt x 475.944pt.
 [46 <./hellofile_creation.jpg>]
<ftp_dataupload.jpg, id=196, 532.61168pt x 437.26387pt>
File: ftp_dataupload.jpg Graphic file (type jpg)
<use ftp_dataupload.jpg>
Package pdftex.def Info: ftp_dataupload.jpg  used on input line 973.
(pdftex.def)             Requested size: 469.47049pt x 385.43391pt.
<data_uploadcompletely.jpg, id=197, 532.61168pt x 52.22874pt>
File: data_uploadcompletely.jpg Graphic file (type jpg)
<use data_uploadcompletely.jpg>
Package pdftex.def Info: data_uploadcompletely.jpg  used on input line 979.
(pdftex.def)             Requested size: 469.47049pt x 46.03792pt.

[47 <./ftp_dataupload.jpg> <./data_uploadcompletely.jpg>]
<ftp_datainstall.jpg, id=201, 533.219pt x 539.89941pt>
File: ftp_datainstall.jpg Graphic file (type jpg)
<use ftp_datainstall.jpg>
Package pdftex.def Info: ftp_datainstall.jpg  used on input line 994.
(pdftex.def)             Requested size: 469.47049pt x 475.37657pt.
 [48 <./ftp_datainstall.jpg>]
<data_installcompletely_01.jpg, id=205, 532.00436pt x 539.89941pt>
File: data_installcompletely_01.jpg Graphic file (type jpg)
<use data_installcompletely_01.jpg>
Package pdftex.def Info: data_installcompletely_01.jpg  used on input line 1001
.
(pdftex.def)             Requested size: 469.47049pt x 476.4393pt.
 [49 <./data_installcompletely_01.jpg>] [50] [51] [52] [53] [54]
[55] [56]
<wifi_internet.jpg, id=232, 610.34747pt x 655.8958pt>
File: wifi_internet.jpg Graphic file (type jpg)
<use wifi_internet.jpg>
Package pdftex.def Info: wifi_internet.jpg  used on input line 1220.
(pdftex.def)             Requested size: 469.47049pt x 504.50089pt.
 [57 <./wifi_internet.jpg>]
<wifi_wlc.jpg, id=236, 613.38403pt x 511.9631pt>
File: wifi_wlc.jpg Graphic file (type jpg)
<use wifi_wlc.jpg>
Package pdftex.def Info: wifi_wlc.jpg  used on input line 1227.
(pdftex.def)             Requested size: 469.47049pt x 391.8458pt.
<wifi_wlc_security.jpg, id=237, 613.38403pt x 312.76512pt>
File: wifi_wlc_security.jpg Graphic file (type jpg)
<use wifi_wlc_security.jpg>
Package pdftex.def Info: wifi_wlc_security.jpg  used on input line 1227.
(pdftex.def)             Requested size: 469.47049pt x 239.38383pt.
 [58 <./wifi_wlc.jpg> <./wifi_wlc_security.jpg>]
<test-wifi-1.png, id=241, 457.71pt x 230.0595pt>
File: test-wifi-1.png Graphic file (type png)
<use test-wifi-1.png>
Package pdftex.def Info: test-wifi-1.png  used on input line 1234.
(pdftex.def)             Requested size: 469.47049pt x 235.981pt.
<test-wifi-2.jpg, id=242, 532.00436pt x 404.46907pt>
File: test-wifi-2.jpg Graphic file (type jpg)
<use test-wifi-2.jpg>
Package pdftex.def Info: test-wifi-2.jpg  used on input line 1236.
(pdftex.def)             Requested size: 469.47049pt x 356.92752pt.
 [59 <./test-wifi-1.png> <./test-wifi-2.jpg>] [60] [61] (main.aux)
 ***********
LaTeX2e <2023-06-01> patch level 1
L3 programming layer <2023-08-29>
 ***********


LaTeX Warning: There were multiply-defined labels.

 ) 
Here is how much of TeX's memory you used:
 15876 strings out of 475248
 312513 string characters out of 5767634
 1934785 words of memory out of 5000000
 37148 multiletter control sequences out of 15000+600000
 576177 words of font info for 65 fonts, out of 8000000 for 9000
 1141 hyphenation exceptions out of 8191
 87i,8n,92p,918b,524s stack positions out of 10000i,1000n,20000p,200000b,200000s
 <C:\Users\Mie\AppData\Local\MiKTeX\fonts/pk/ljfour/vntex/vnr/dpi1020\vnbxti1
0.pk> <C:\Users\Mie\AppData\Local\MiKTeX\fonts/pk/ljfour/vntex/vnr/dpi600\vnbx1
2.pk> <C:\Users\Mie\AppData\Local\MiKTeX\fonts/pk/ljfour/vntex/vnr/dpi900\vnbxt
i10.pk> <C:\Users\Mie\AppData\Local\MiKTeX\fonts/pk/ljfour/vntex/vnr/dpi750\vnb
x12.pk> <C:\Users\Mie\AppData\Local\MiKTeX\fonts/pk/ljfour/jknappen/ec/dpi600\t
crm1440.pk> <C:\Users\Mie\AppData\Local\MiKTeX\fonts/pk/ljfour/vntex/vnr/dpi850
\vnbx12.pk> <C:\Users\Mie\AppData\Local\MiKTeX\fonts/pk/ljfour/vntex/vnr/dpi100
0\vnbx12.pk> <C:\Users\Mie\AppData\Local\MiKTeX\fonts/pk/ljfour/vntex/vnr/dpi86
4\vnbx12.pk> <C:\Users\Mie\AppData\Local\MiKTeX\fonts/pk/ljfour/vntex/vnr/dpi60
0\vnr12.pk> <C:\Users\Mie\AppData\Local\MiKTeX\fonts/pk/ljfour/vntex/vnr/dpi720
\vnti12.pk> <C:\Users\Mie\AppData\Local\MiKTeX\fonts/pk/ljfour/vntex/vnr/dpi124
4\vnbx12.pk> <C:\Users\Mie\AppData\Local\MiKTeX\fonts/pk/ljfour/vntex/vnr/dpi72
0\vnbx12.pk> <C:\Users\Mie\AppData\Local\MiKTeX\fonts/pk/ljfour/vntex/vnr/dpi72
0\vnr12.pk>
Output written on main.pdf (61 pages, 2873332 bytes).
PDF statistics:
 1013 PDF objects out of 1200 (max. 8388607)
 0 named destinations out of 1000 (max. 500000)
 148 words of extra memory for PDF output out of 10000 (max. 10000000)

